<?xml version="1.0" encoding="UTF-8"?>
<!-- Generated by org.testng.reporters.JUnitReportReporter -->
<testsuite skipped="0" hostname="MASARADA" name="NewTest" tests="1" failures="0" timestamp="30 Apr 2020 20:40:42 GMT" time="7.499" errors="0">
  <testcase name="f" time="7.499" classname="NewTest"/>
</testsuite> <!-- NewTest -->
