<?xml version="1.0" encoding="UTF-8"?>
<!-- Generated by org.testng.reporters.JUnitReportReporter -->
<testsuite skipped="0" hostname="MASARADA" name="NewTest" tests="1" failures="0" timestamp="30 Apr 2020 20:51:05 GMT" time="8.708" errors="0">
  <testcase name="f" time="8.708" classname="NewTest"/>
</testsuite> <!-- NewTest -->
